# JRE version: OpenJDK Runtime Environment Temurin-21.0.8+9 (21.0.8+9) (build 21.0.8+9-LTS)
# Java VM: OpenJDK 64-Bit Server VM Temurin-21.0.8+9 (21.0.8+9-LTS, mixed mode, sharing, tiered, compressed oops, compressed class ptrs, parallel gc, windows-amd64)
GC Precious Log:
 CardTable entry size: 512
 CPUs: 4 total, 4 available
 Memory: 8065M
 Large Page Support: Disabled
 NUMA Support: Disabled
 Compressed Oops: Enabled (32-bit)
 Alignments: Space 512K, Generation 512K, Heap 2M
 Heap Min Capacity: 100M
 Heap Initial Capacity: 100M
 Heap Max Capacity: 2G
 Pre-touch: Disabled
 Parallel Workers: 4
Heap:
 PSYoungGen      total 3584K, used 3055K [0x00000000d5580000, 0x00000000d5c00000, 0x0000000100000000)
  eden space 3072K, 95% used [0x00000000d5580000,0x00000000d585bcf0,0x00000000d5880000)
  from space 512K, 25% used [0x00000000d5b80000,0x00000000d5ba0000,0x00000000d5c00000)
  to   space 512K, 0% used [0x00000000d5a00000,0x00000000d5a00000,0x00000000d5a80000)
 ParOldGen       total 434176K, used 306664K [0x0000000080000000, 0x000000009a800000, 0x00000000d5580000)
  object space 434176K, 70% used [0x0000000080000000,0x0000000092b7a1f0,0x000000009a800000)
 Metaspace       used 70202K, committed 71744K, reserved 1114112K
  class space    used 7294K, committed 8000K, reserved 1048576K
GC Heap History (20 events):
Event: 20703.910 GC heap before
{Heap before GC invocations=614 (full 3):
 PSYoungGen      total 5120K, used 4656K [0x00000000d5580000, 0x00000000d5e00000, 0x0000000100000000)
  eden space 3072K, 100% used [0x00000000d5580000,0x00000000d5880000,0x00000000d5880000)
  from space 2048K, 77% used [0x00000000d5c00000,0x00000000d5d8c010,0x00000000d5e00000)
  to   space 2048K, 0% used [0x00000000d5a00000,0x00000000d5a00000,0x00000000d5c00000)
 ParOldGen       total 434176K, used 304936K [0x0000000080000000, 0x000000009a800000, 0x00000000d5580000)
  object space 434176K, 70% used [0x0000000080000000,0x00000000929ca1b0,0x000000009a800000)
 Metaspace       used 69887K, committed 71360K, reserved 1114112K
  class space    used 7282K, committed 7936K, reserved 1048576K
}
Event: 20703.917 GC heap after
{Heap after GC invocations=614 (full 3):
 PSYoungGen      total 3584K, used 64K [0x00000000d5580000, 0x00000000d5c80000, 0x0000000100000000)
  eden space 3072K, 0% used [0x00000000d5580000,0x00000000d5580000,0x00000000d5880000)
  from space 512K, 12% used [0x00000000d5a00000,0x00000000d5a10000,0x00000000d5a80000)
  to   space 1024K, 0% used [0x00000000d5b80000,0x00000000d5b80000,0x00000000d5c80000)
 ParOldGen       total 434176K, used 306312K [0x0000000080000000, 0x000000009a800000, 0x00000000d5580000)
  object space 434176K, 70% used [0x0000000080000000,0x0000000092b221b0,0x000000009a800000)
 Metaspace       used 69887K, committed 71360K, reserved 1114112K
  class space    used 7282K, committed 7936K, reserved 1048576K
}
Event: 20709.163 GC heap before
{Heap before GC invocations=615 (full 3):
 PSYoungGen      total 3584K, used 3136K [0x00000000d5580000, 0x00000000d5c80000, 0x0000000100000000)
  eden space 3072K, 100% used [0x00000000d5580000,0x00000000d5880000,0x00000000d5880000)
  from space 512K, 12% used [0x00000000d5a00000,0x00000000d5a10000,0x00000000d5a80000)
  to   space 1024K, 0% used [0x00000000d5b80000,0x00000000d5b80000,0x00000000d5c80000)
 ParOldGen       total 434176K, used 306312K [0x0000000080000000, 0x000000009a800000, 0x00000000d5580000)
  object space 434176K, 70% used [0x0000000080000000,0x0000000092b221b0,0x000000009a800000)
 Metaspace       used 69925K, committed 71424K, reserved 1114112K
  class space    used 7282K, committed 7936K, reserved 1048576K
}
Event: 20709.165 GC heap after
{Heap after GC invocations=615 (full 3):
 PSYoungGen      total 3584K, used 160K [0x00000000d5580000, 0x00000000d5c00000, 0x0000000100000000)
  eden space 3072K, 0% used [0x00000000d5580000,0x00000000d5580000,0x00000000d5880000)
  from space 512K, 31% used [0x00000000d5b80000,0x00000000d5ba8000,0x00000000d5c00000)
  to   space 512K, 0% used [0x00000000d5a00000,0x00000000d5a00000,0x00000000d5a80000)
 ParOldGen       total 434176K, used 306328K [0x0000000080000000, 0x000000009a800000, 0x00000000d5580000)
  object space 434176K, 70% used [0x0000000080000000,0x0000000092b261b0,0x000000009a800000)
 Metaspace       used 69925K, committed 71424K, reserved 1114112K
  class space    used 7282K, committed 7936K, reserved 1048576K
}
Event: 20709.231 GC heap before
{Heap before GC invocations=616 (full 3):
 PSYoungGen      total 3584K, used 3232K [0x00000000d5580000, 0x00000000d5c00000, 0x0000000100000000)
  eden space 3072K, 100% used [0x00000000d5580000,0x00000000d5880000,0x00000000d5880000)
  from space 512K, 31% used [0x00000000d5b80000,0x00000000d5ba8000,0x00000000d5c00000)
  to   space 512K, 0% used [0x00000000d5a00000,0x00000000d5a00000,0x00000000d5a80000)
 ParOldGen       total 434176K, used 306328K [0x0000000080000000, 0x000000009a800000, 0x00000000d5580000)
  object space 434176K, 70% used [0x0000000080000000,0x0000000092b261b0,0x000000009a800000)
 Metaspace       used 70092K, committed 71616K, reserved 1114112K
  class space    used 7289K, committed 8000K, reserved 1048576K
}
Event: 20709.233 GC heap after
{Heap after GC invocations=616 (full 3):
 PSYoungGen      total 3584K, used 352K [0x00000000d5580000, 0x00000000d5c00000, 0x0000000100000000)
  eden space 3072K, 0% used [0x00000000d5580000,0x00000000d5580000,0x00000000d5880000)
  from space 512K, 68% used [0x00000000d5a00000,0x00000000d5a58000,0x00000000d5a80000)
  to   space 512K, 0% used [0x00000000d5b80000,0x00000000d5b80000,0x00000000d5c00000)
 ParOldGen       total 434176K, used 306344K [0x0000000080000000, 0x000000009a800000, 0x00000000d5580000)
  object space 434176K, 70% used [0x0000000080000000,0x0000000092b2a1b0,0x000000009a800000)
 Metaspace       used 70092K, committed 71616K, reserved 1114112K
  class space    used 7289K, committed 8000K, reserved 1048576K
}
Event: 20713.229 GC heap before
{Heap before GC invocations=617 (full 3):
 PSYoungGen      total 3584K, used 3424K [0x00000000d5580000, 0x00000000d5c00000, 0x0000000100000000)
  eden space 3072K, 100% used [0x00000000d5580000,0x00000000d5880000,0x00000000d5880000)
  from space 512K, 68% used [0x00000000d5a00000,0x00000000d5a58000,0x00000000d5a80000)
  to   space 512K, 0% used [0x00000000d5b80000,0x00000000d5b80000,0x00000000d5c00000)
 ParOldGen       total 434176K, used 306344K [0x0000000080000000, 0x000000009a800000, 0x00000000d5580000)
  object space 434176K, 70% used [0x0000000080000000,0x0000000092b2a1b0,0x000000009a800000)
 Metaspace       used 70108K, committed 71616K, reserved 1114112K
  class space    used 7289K, committed 8000K, reserved 1048576K
}
Event: 20713.231 GC heap after
{Heap after GC invocations=617 (full 3):
 PSYoungGen      total 3584K, used 432K [0x00000000d5580000, 0x00000000d5c00000, 0x0000000100000000)
  eden space 3072K, 0% used [0x00000000d5580000,0x00000000d5580000,0x00000000d5880000)
  from space 512K, 84% used [0x00000000d5b80000,0x00000000d5bec010,0x00000000d5c00000)
  to   space 512K, 0% used [0x00000000d5a00000,0x00000000d5a00000,0x00000000d5a80000)
 ParOldGen       total 434176K, used 306384K [0x0000000080000000, 0x000000009a800000, 0x00000000d5580000)
  object space 434176K, 70% used [0x0000000080000000,0x0000000092b341b0,0x000000009a800000)
 Metaspace       used 70108K, committed 71616K, reserved 1114112K
  class space    used 7289K, committed 8000K, reserved 1048576K
}
Event: 45834.860 GC heap before
{Heap before GC invocations=618 (full 3):
 PSYoungGen      total 3584K, used 3497K [0x00000000d5580000, 0x00000000d5c00000, 0x0000000100000000)
  eden space 3072K, 99% used [0x00000000d5580000,0x00000000d587e5c0,0x00000000d5880000)
  from space 512K, 84% used [0x00000000d5b80000,0x00000000d5bec010,0x00000000d5c00000)
  to   space 512K, 0% used [0x00000000d5a00000,0x00000000d5a00000,0x00000000d5a80000)
 ParOldGen       total 434176K, used 306384K [0x0000000080000000, 0x000000009a800000, 0x00000000d5580000)
  object space 434176K, 70% used [0x0000000080000000,0x0000000092b341b0,0x000000009a800000)
 Metaspace       used 70123K, committed 71680K, reserved 1114112K
  class space    used 7290K, committed 8000K, reserved 1048576K
}
Event: 45838.742 GC heap after
{Heap after GC invocations=618 (full 3):
 PSYoungGen      total 3584K, used 128K [0x00000000d5580000, 0x00000000d5c00000, 0x0000000100000000)
  eden space 3072K, 0% used [0x00000000d5580000,0x00000000d5580000,0x00000000d5880000)
  from space 512K, 25% used [0x00000000d5a00000,0x00000000d5a20000,0x00000000d5a80000)
  to   space 512K, 0% used [0x00000000d5b80000,0x00000000d5b80000,0x00000000d5c00000)
 ParOldGen       total 434176K, used 306408K [0x0000000080000000, 0x000000009a800000, 0x00000000d5580000)
  object space 434176K, 70% used [0x0000000080000000,0x0000000092b3a1b0,0x000000009a800000)
 Metaspace       used 70123K, committed 71680K, reserved 1114112K
  class space    used 7290K, committed 8000K, reserved 1048576K
}
Event: 45868.666 GC heap before
{Heap before GC invocations=619 (full 3):
 PSYoungGen      total 3584K, used 3200K [0x00000000d5580000, 0x00000000d5c00000, 0x0000000100000000)
  eden space 3072K, 100% used [0x00000000d5580000,0x00000000d5880000,0x00000000d5880000)
  from space 512K, 25% used [0x00000000d5a00000,0x00000000d5a20000,0x00000000d5a80000)
  to   space 512K, 0% used [0x00000000d5b80000,0x00000000d5b80000,0x00000000d5c00000)
 ParOldGen       total 434176K, used 306408K [0x0000000080000000, 0x000000009a800000, 0x00000000d5580000)
  object space 434176K, 70% used [0x0000000080000000,0x0000000092b3a1b0,0x000000009a800000)
 Metaspace       used 70129K, committed 71680K, reserved 1114112K
  class space    used 7290K, committed 8000K, reserved 1048576K
}
Event: 45868.771 GC heap after
{Heap after GC invocations=619 (full 3):
 PSYoungGen      total 3584K, used 320K [0x00000000d5580000, 0x00000000d5c00000, 0x0000000100000000)
  eden space 3072K, 0% used [0x00000000d5580000,0x00000000d5580000,0x00000000d5880000)
  from space 512K, 62% used [0x00000000d5b80000,0x00000000d5bd0040,0x00000000d5c00000)
  to   space 512K, 0% used [0x00000000d5a00000,0x00000000d5a00000,0x00000000d5a80000)
 ParOldGen       total 434176K, used 306424K [0x0000000080000000, 0x000000009a800000, 0x00000000d5580000)
  object space 434176K, 70% used [0x0000000080000000,0x0000000092b3e1b0,0x000000009a800000)
 Metaspace       used 70129K, committed 71680K, reserved 1114112K
  class space    used 7290K, committed 8000K, reserved 1048576K
}
Event: 45911.127 GC heap before
{Heap before GC invocations=620 (full 3):
 PSYoungGen      total 3584K, used 3392K [0x00000000d5580000, 0x00000000d5c00000, 0x0000000100000000)
  eden space 3072K, 100% used [0x00000000d5580000,0x00000000d5880000,0x00000000d5880000)
  from space 512K, 62% used [0x00000000d5b80000,0x00000000d5bd0040,0x00000000d5c00000)
  to   space 512K, 0% used [0x00000000d5a00000,0x00000000d5a00000,0x00000000d5a80000)
 ParOldGen       total 434176K, used 306424K [0x0000000080000000, 0x000000009a800000, 0x00000000d5580000)
  object space 434176K, 70% used [0x0000000080000000,0x0000000092b3e1b0,0x000000009a800000)
 Metaspace       used 70156K, committed 71680K, reserved 1114112K
  class space    used 7290K, committed 8000K, reserved 1048576K
}
Event: 45911.254 GC heap after
{Heap after GC invocations=620 (full 3):
 PSYoungGen      total 3584K, used 352K [0x00000000d5580000, 0x00000000d5c00000, 0x0000000100000000)
  eden space 3072K, 0% used [0x00000000d5580000,0x00000000d5580000,0x00000000d5880000)
  from space 512K, 68% used [0x00000000d5a00000,0x00000000d5a58000,0x00000000d5a80000)
  to   space 512K, 0% used [0x00000000d5b80000,0x00000000d5b80000,0x00000000d5c00000)
 ParOldGen       total 434176K, used 306584K [0x0000000080000000, 0x000000009a800000, 0x00000000d5580000)
  object space 434176K, 70% used [0x0000000080000000,0x0000000092b661f0,0x000000009a800000)
 Metaspace       used 70156K, committed 71680K, reserved 1114112K
  class space    used 7290K, committed 8000K, reserved 1048576K
}
Event: 45912.021 GC heap before
{Heap before GC invocations=621 (full 3):
 PSYoungGen      total 3584K, used 3424K [0x00000000d5580000, 0x00000000d5c00000, 0x0000000100000000)
  eden space 3072K, 100% used [0x00000000d5580000,0x00000000d5880000,0x00000000d5880000)
  from space 512K, 68% used [0x00000000d5a00000,0x00000000d5a58000,0x00000000d5a80000)
  to   space 512K, 0% used [0x00000000d5b80000,0x00000000d5b80000,0x00000000d5c00000)
 ParOldGen       total 434176K, used 306584K [0x0000000080000000, 0x000000009a800000, 0x00000000d5580000)
  object space 434176K, 70% used [0x0000000080000000,0x0000000092b661f0,0x000000009a800000)
 Metaspace       used 70159K, committed 71680K, reserved 1114112K
  class space    used 7290K, committed 8000K, reserved 1048576K
}
Event: 45912.110 GC heap after
{Heap after GC invocations=621 (full 3):
 PSYoungGen      total 3584K, used 352K [0x00000000d5580000, 0x00000000d5c00000, 0x0000000100000000)
  eden space 3072K, 0% used [0x00000000d5580000,0x00000000d5580000,0x00000000d5880000)
  from space 512K, 68% used [0x00000000d5b80000,0x00000000d5bd8000,0x00000000d5c00000)
  to   space 512K, 0% used [0x00000000d5a00000,0x00000000d5a00000,0x00000000d5a80000)
 ParOldGen       total 434176K, used 306616K [0x0000000080000000, 0x000000009a800000, 0x00000000d5580000)
  object space 434176K, 70% used [0x0000000080000000,0x0000000092b6e1f0,0x000000009a800000)
 Metaspace       used 70159K, committed 71680K, reserved 1114112K
  class space    used 7290K, committed 8000K, reserved 1048576K
}
Event: 45914.814 GC heap before
{Heap before GC invocations=622 (full 3):
 PSYoungGen      total 3584K, used 3424K [0x00000000d5580000, 0x00000000d5c00000, 0x0000000100000000)
  eden space 3072K, 100% used [0x00000000d5580000,0x00000000d5880000,0x00000000d5880000)
  from space 512K, 68% used [0x00000000d5b80000,0x00000000d5bd8000,0x00000000d5c00000)
  to   space 512K, 0% used [0x00000000d5a00000,0x00000000d5a00000,0x00000000d5a80000)
 ParOldGen       total 434176K, used 306616K [0x0000000080000000, 0x000000009a800000, 0x00000000d5580000)
  object space 434176K, 70% used [0x0000000080000000,0x0000000092b6e1f0,0x000000009a800000)
 Metaspace       used 70174K, committed 71680K, reserved 1114112K
  class space    used 7291K, committed 8000K, reserved 1048576K
}
Event: 45914.870 GC heap after
{Heap after GC invocations=622 (full 3):
 PSYoungGen      total 3584K, used 352K [0x00000000d5580000, 0x00000000d5c00000, 0x0000000100000000)
  eden space 3072K, 0% used [0x00000000d5580000,0x00000000d5580000,0x00000000d5880000)
  from space 512K, 68% used [0x00000000d5a00000,0x00000000d5a58000,0x00000000d5a80000)
  to   space 512K, 0% used [0x00000000d5b80000,0x00000000d5b80000,0x00000000d5c00000)
 ParOldGen       total 434176K, used 306640K [0x0000000080000000, 0x000000009a800000, 0x00000000d5580000)
  object space 434176K, 70% used [0x0000000080000000,0x0000000092b741f0,0x000000009a800000)
 Metaspace       used 70174K, committed 71680K, reserved 1114112K
  class space    used 7291K, committed 8000K, reserved 1048576K
}
Event: 52550.201 GC heap before
{Heap before GC invocations=623 (full 3):
 PSYoungGen      total 3584K, used 3423K [0x00000000d5580000, 0x00000000d5c00000, 0x0000000100000000)
  eden space 3072K, 99% used [0x00000000d5580000,0x00000000d587fff0,0x00000000d5880000)
  from space 512K, 68% used [0x00000000d5a00000,0x00000000d5a58000,0x00000000d5a80000)
  to   space 512K, 0% used [0x00000000d5b80000,0x00000000d5b80000,0x00000000d5c00000)
 ParOldGen       total 434176K, used 306640K [0x0000000080000000, 0x000000009a800000, 0x00000000d5580000)
  object space 434176K, 70% used [0x0000000080000000,0x0000000092b741f0,0x000000009a800000)
 Metaspace       used 70191K, committed 71744K, reserved 1114112K
  class space    used 7294K, committed 8000K, reserved 1048576K
}
Event: 52551.540 GC heap after
{Heap after GC invocations=623 (full 3):
 PSYoungGen      total 3584K, used 128K [0x00000000d5580000, 0x00000000d5c00000, 0x0000000100000000)
  eden space 3072K, 0% used [0x00000000d5580000,0x00000000d5580000,0x00000000d5880000)
  from space 512K, 25% used [0x00000000d5b80000,0x00000000d5ba0000,0x00000000d5c00000)
  to   space 512K, 0% used [0x00000000d5a00000,0x00000000d5a00000,0x00000000d5a80000)
 ParOldGen       total 434176K, used 306664K [0x0000000080000000, 0x000000009a800000, 0x00000000d5580000)
  object space 434176K, 70% used [0x0000000080000000,0x0000000092b7a1f0,0x000000009a800000)
 Metaspace       used 70191K, committed 71744K, reserved 1114112K
  class space    used 7294K, committed 8000K, reserved 1048576K
}

